Raw Value Tiles
[
  [
    [ 0, 0, 0, 0, 1, 0 ],
    [ 0, 1, 0, 0, 0, 1 ],
    [ 0, 0, 0, 0, 0, 0 ],
    [ 0, 0, 0, 1, 0, 0 ],
    [ 1, 0, 0, 0, 1, 0 ],
    [ 0, 1, 0, 0, 0, 0 ]
  ],
  [
    [ 0, 1, 0, 0, 1, 0 ],
    [ 1, 0, 0, 1, 1, 0 ],
    [ 1, 0, 1, 1, 1, 0 ],
    [ 1, 1, 1, 1, 1, 1 ],
    [ 1, 1, 0, 0, 1, 1 ],
    [ 0, 0, 0, 1, 1, 0 ]
  ]
]
Indices Tile Patterns
[
  [
    [ 0, 0, 0, 0, 1, 0 ],
    [ 0, 1, 0, 0, 0, 1 ],
    [ 0, 0, 0, 0, 0, 0 ],
    [ 0, 0, 0, 1, 0, 0 ],
    [ 1, 0, 0, 0, 1, 0 ],
    [ 0, 1, 0, 0, 0, 0 ]
  ],
  [
    [ 0, 1, 0, 0, 1, 0 ],
    [ 1, 0, 0, 1, 1, 0 ],
    [ 1, 0, 1, 1, 1, 0 ],
    [ 1, 1, 1, 1, 1, 1 ],
    [ 1, 1, 0, 0, 1, 1 ],
    [ 0, 0, 0, 1, 1, 0 ]
  ]
]
Frequency Map
[
  [
    [
      0, 0, 0, 0, 0, 0, 1, 0, 0,
      0, 0, 1, 1, 0, 0, 0, 0, 1,
      1, 1, 1, 1, 1, 1, 1, 0, 0,
      1, 0, 0, 1, 1
    ],
    [
      0, 0, 0, 1, 0, 0, 0, 0, 0,
      1, 0, 0, 0, 0, 1, 0, 0, 1,
      1, 0, 1, 1, 1, 0, 1, 1, 1,
      1, 0, 0, 1, 1
    ],
    [
      0, 0, 0, 1, 1, 0, 0, 0, 0,
      0, 0, 0, 0, 0, 1, 0, 1, 0,
      0, 1, 0, 0, 1, 1, 0, 1, 1,
      1, 1, 1, 1, 1
    ],
    [
      0, 1, 0, 0, 0, 0, 0, 0, 0,
      0, 0, 1, 1, 0, 0, 0, 1, 0,
      0, 1, 1, 0, 1, 1, 1, 1, 1,
      1, 1, 1, 0, 0
    ]
  ],
  [
    [
      0, 0, 0, 0, 0, 0, 1, 0, 0,
      0, 0, 1, 1, 0, 0, 0, 0, 1,
      1, 1, 1, 1, 1, 1, 1, 0, 0,
      1, 0, 0, 1, 1
    ],
    [
      0, 0, 0, 1, 0, 0, 0, 0, 0,
      1, 0, 0, 0, 0, 1, 0, 0, 1,
      1, 0, 1, 1, 1, 0, 1, 1, 1,
      1, 0, 0, 1, 1
    ],
    [
      0, 0, 0, 1, 1, 0, 0, 0, 0,
      0, 0, 0, 0, 0, 1, 0, 1, 0,
      0, 1, 0, 0, 1, 1, 0, 1, 1,
      1, 1, 1, 1, 1
    ],
    [
      0, 1, 0, 0, 0, 0, 0, 0, 0,
      0, 0, 1, 1, 0, 0, 0, 1, 0,
      0, 1, 1, 0, 1, 1, 1, 1, 1,
      1, 1, 1, 0, 0
    ]
  ]
]
Neighbours Frequency Map for Unique Values
[
  {
    up: { '0': { f: 12 }, '1': { f: 6 } },
    right: { '0': { f: 12 }, '1': { f: 6 } },
    down: { '0': { f: 12 }, '1': { f: 6 } },
    left: { '0': { f: 12 }, '1': { f: 6 } }
  },
  {
    up: { '0': { f: 6 }, '1': { f: 8 } },
    right: { '0': { f: 6 }, '1': { f: 8 } },
    down: { '0': { f: 6 }, '1': { f: 8 } },
    left: { '0': { f: 6 }, '1': { f: 8 } }
  }
]
Global Unique Value Frequency
[ { f: 18 }, { f: 14 } ]
Possibility grid
[
  [ [ 0, 1 ], [ 0, 1 ], [ 0, 1 ], [ 0, 1 ] ],
  [ [ 0, 1 ], [ 0, 1 ], [ 0, 1 ], [ 0, 1 ] ],
  [ [ 0, 1 ], [ 0, 1 ], [ 0, 1 ], [ 0, 1 ] ],
  [ [ 0, 1 ], [ 0, 1 ], [ 0, 1 ], [ 0, 1 ] ]
]
Choices 0,0
{
  '0': { f: 18, rf: 0.5625, rf_sub_total: 0.5625 },
  '1': { f: 14, rf: 0.4375, rf_sub_total: 1 }
}
Random Number
0.42122124777035785
Selection
0
Updated Grid
[
  [ 0, [ 0, 1 ], [ 0, 1 ], [ 0, 1 ] ],
  [ [ 0, 1 ], [ 0, 1 ], [ 0, 1 ], [ 0, 1 ] ],
  [ [ 0, 1 ], [ 0, 1 ], [ 0, 1 ], [ 0, 1 ] ],
  [ [ 0, 1 ], [ 0, 1 ], [ 0, 1 ], [ 0, 1 ] ]
]
Exclude imposssibilities:
Excluding impossibilities right
Possibilities right
[ 0, 1 ]
No exclusions
Excluding impossibilities down
possibilities down
[ 0, 1 ]
No exclusions
S
possibilities down
[ 0, 1 ]
No exclusions
